This is pdfTeX, Version 3.1415926-2.5-1.40.14 (TeX Live 2013) (format=pdflatex 2013.5.30)  5 MAY 2016 20:30
entering extended mode
 \write18 enabled.
 file:line:error style messages enabled.
 %&-line parsing enabled.
**311_data_GMM.tex
(./311_data_GMM.tex
LaTeX2e <2011/06/27>
Babel <3.9f> and hyphenation patterns for 78 languages loaded.
(/usr/local/texlive/2013/texmf-dist/tex/latex/base/article.cls
Document Class: article 2007/10/19 v1.4h Standard LaTeX document class
(/usr/local/texlive/2013/texmf-dist/tex/latex/base/size10.clo
File: size10.clo 2007/10/19 v1.4h Standard LaTeX file (size option)
)
\c@part=\count79
\c@section=\count80
\c@subsection=\count81
\c@subsubsection=\count82
\c@paragraph=\count83
\c@subparagraph=\count84
\c@figure=\count85
\c@table=\count86
\abovecaptionskip=\skip41
\belowcaptionskip=\skip42
\bibindent=\dimen102
)
(./aistats2016.sty
Package: aistats2016 
\titlebox=\skip43

(/usr/local/texlive/2013/texmf-dist/tex/latex/fancyhdr/fancyhdr.sty
\fancy@headwidth=\skip44
\f@ncyO@elh=\skip45
\f@ncyO@erh=\skip46
\f@ncyO@olh=\skip47
\f@ncyO@orh=\skip48
\f@ncyO@elf=\skip49
\f@ncyO@erf=\skip50
\f@ncyO@olf=\skip51
\f@ncyO@orf=\skip52
)
\titrun=\box26
\autrun=\box27
)
(/usr/local/texlive/2013/texmf-dist/tex/latex/hyperref/hyperref.sty
Package: hyperref 2012/11/06 v6.83m Hypertext links for LaTeX

(/usr/local/texlive/2013/texmf-dist/tex/generic/oberdiek/hobsub-hyperref.sty
Package: hobsub-hyperref 2012/05/28 v1.13 Bundle oberdiek, subset hyperref (HO)


(/usr/local/texlive/2013/texmf-dist/tex/generic/oberdiek/hobsub-generic.sty
Package: hobsub-generic 2012/05/28 v1.13 Bundle oberdiek, subset generic (HO)
Package: hobsub 2012/05/28 v1.13 Construct package bundles (HO)
Package: infwarerr 2010/04/08 v1.3 Providing info/warning/error messages (HO)
Package: ltxcmds 2011/11/09 v1.22 LaTeX kernel commands for general use (HO)
Package: ifluatex 2010/03/01 v1.3 Provides the ifluatex switch (HO)
Package ifluatex Info: LuaTeX not detected.
Package: ifvtex 2010/03/01 v1.5 Detect VTeX and its facilities (HO)
Package ifvtex Info: VTeX not detected.
Package: intcalc 2007/09/27 v1.1 Expandable calculations with integers (HO)
Package: ifpdf 2011/01/30 v2.3 Provides the ifpdf switch (HO)
Package ifpdf Info: pdfTeX in PDF mode is detected.
Package: etexcmds 2011/02/16 v1.5 Avoid name clashes with e-TeX commands (HO)
Package etexcmds Info: Could not find \expanded.
(etexcmds)             That can mean that you are not using pdfTeX 1.50 or
(etexcmds)             that some package has redefined \expanded.
(etexcmds)             In the latter case, load this package earlier.
Package: kvsetkeys 2012/04/25 v1.16 Key value parser (HO)
Package: kvdefinekeys 2011/04/07 v1.3 Define keys (HO)
Package: pdftexcmds 2011/11/29 v0.20 Utility functions of pdfTeX for LuaTeX (HO
)
Package pdftexcmds Info: LuaTeX not detected.
Package pdftexcmds Info: \pdf@primitive is available.
Package pdftexcmds Info: \pdf@ifprimitive is available.
Package pdftexcmds Info: \pdfdraftmode found.
Package: pdfescape 2011/11/25 v1.13 Implements pdfTeX's escape features (HO)
Package: bigintcalc 2012/04/08 v1.3 Expandable calculations on big integers (HO
)
Package: bitset 2011/01/30 v1.1 Handle bit-vector datatype (HO)
Package: uniquecounter 2011/01/30 v1.2 Provide unlimited unique counter (HO)
)
Package hobsub Info: Skipping package `hobsub' (already loaded).
Package: letltxmacro 2010/09/02 v1.4 Let assignment for LaTeX macros (HO)
Package: hopatch 2012/05/28 v1.2 Wrapper for package hooks (HO)
Package: xcolor-patch 2011/01/30 xcolor patch
Package: atveryend 2011/06/30 v1.8 Hooks at the very end of document (HO)
Package atveryend Info: \enddocument detected (standard20110627).
Package: atbegshi 2011/10/05 v1.16 At begin shipout hook (HO)
Package: refcount 2011/10/16 v3.4 Data extraction from label references (HO)
Package: hycolor 2011/01/30 v1.7 Color options for hyperref/bookmark (HO)
)
(/usr/local/texlive/2013/texmf-dist/tex/latex/graphics/keyval.sty
Package: keyval 1999/03/16 v1.13 key=value parser (DPC)
\KV@toks@=\toks14
)
(/usr/local/texlive/2013/texmf-dist/tex/generic/ifxetex/ifxetex.sty
Package: ifxetex 2010/09/12 v0.6 Provides ifxetex conditional
)
(/usr/local/texlive/2013/texmf-dist/tex/latex/oberdiek/auxhook.sty
Package: auxhook 2011/03/04 v1.3 Hooks for auxiliary files (HO)
)
(/usr/local/texlive/2013/texmf-dist/tex/latex/oberdiek/kvoptions.sty
Package: kvoptions 2011/06/30 v3.11 Key value format for package options (HO)
)
\@linkdim=\dimen103
\Hy@linkcounter=\count87
\Hy@pagecounter=\count88

(/usr/local/texlive/2013/texmf-dist/tex/latex/hyperref/pd1enc.def
File: pd1enc.def 2012/11/06 v6.83m Hyperref: PDFDocEncoding definition (HO)
)
\Hy@SavedSpaceFactor=\count89

(/usr/local/texlive/2013/texmf-dist/tex/latex/latexconfig/hyperref.cfg
File: hyperref.cfg 2002/06/06 v1.2 hyperref configuration of TeXLive
)
Package hyperref Info: Hyper figures OFF on input line 4443.
Package hyperref Info: Link nesting OFF on input line 4448.
Package hyperref Info: Hyper index ON on input line 4451.
Package hyperref Info: Plain pages OFF on input line 4458.
Package hyperref Info: Backreferencing OFF on input line 4463.
Package hyperref Info: Implicit mode ON; LaTeX internals redefined.
Package hyperref Info: Bookmarks ON on input line 4688.
\c@Hy@tempcnt=\count90

(/usr/local/texlive/2013/texmf-dist/tex/latex/url/url.sty
\Urlmuskip=\muskip10
Package: url 2006/04/12  ver 3.3  Verb mode for urls, etc.
)
LaTeX Info: Redefining \url on input line 5041.
\XeTeXLinkMargin=\dimen104
\Fld@menulength=\count91
\Field@Width=\dimen105
\Fld@charsize=\dimen106
Package hyperref Info: Hyper figures OFF on input line 6295.
Package hyperref Info: Link nesting OFF on input line 6300.
Package hyperref Info: Hyper index ON on input line 6303.
Package hyperref Info: backreferencing OFF on input line 6310.
Package hyperref Info: Link coloring OFF on input line 6315.
Package hyperref Info: Link coloring with OCG OFF on input line 6320.
Package hyperref Info: PDF/A mode OFF on input line 6325.
LaTeX Info: Redefining \ref on input line 6365.
LaTeX Info: Redefining \pageref on input line 6369.
\Hy@abspage=\count92
\c@Item=\count93
\c@Hfootnote=\count94
)

Package hyperref Message: Driver (autodetected): hpdftex.

(/usr/local/texlive/2013/texmf-dist/tex/latex/hyperref/hpdftex.def
File: hpdftex.def 2012/11/06 v6.83m Hyperref driver for pdfTeX
\Fld@listcount=\count95
\c@bookmark@seq@number=\count96

(/usr/local/texlive/2013/texmf-dist/tex/latex/oberdiek/rerunfilecheck.sty
Package: rerunfilecheck 2011/04/15 v1.7 Rerun checks for auxiliary files (HO)
Package uniquecounter Info: New unique counter `rerunfilecheck' on input line 2
82.
)
\Hy@SectionHShift=\skip53
)
(/usr/local/texlive/2013/texmf-dist/tex/latex/amsmath/amsmath.sty
Package: amsmath 2013/01/14 v2.14 AMS math features
\@mathmargin=\skip54

For additional information on amsmath, use the `?' option.
(/usr/local/texlive/2013/texmf-dist/tex/latex/amsmath/amstext.sty
Package: amstext 2000/06/29 v2.01

(/usr/local/texlive/2013/texmf-dist/tex/latex/amsmath/amsgen.sty
File: amsgen.sty 1999/11/30 v2.0
\@emptytoks=\toks15
\ex@=\dimen107
))
(/usr/local/texlive/2013/texmf-dist/tex/latex/amsmath/amsbsy.sty
Package: amsbsy 1999/11/29 v1.2d
\pmbraise@=\dimen108
)
(/usr/local/texlive/2013/texmf-dist/tex/latex/amsmath/amsopn.sty
Package: amsopn 1999/12/14 v2.01 operator names
)
\inf@bad=\count97
LaTeX Info: Redefining \frac on input line 210.
\uproot@=\count98
\leftroot@=\count99
LaTeX Info: Redefining \overline on input line 306.
\classnum@=\count100
\DOTSCASE@=\count101
LaTeX Info: Redefining \ldots on input line 378.
LaTeX Info: Redefining \dots on input line 381.
LaTeX Info: Redefining \cdots on input line 466.
\Mathstrutbox@=\box28
\strutbox@=\box29
\big@size=\dimen109
LaTeX Font Info:    Redeclaring font encoding OML on input line 566.
LaTeX Font Info:    Redeclaring font encoding OMS on input line 567.
\macc@depth=\count102
\c@MaxMatrixCols=\count103
\dotsspace@=\muskip11
\c@parentequation=\count104
\dspbrk@lvl=\count105
\tag@help=\toks16
\row@=\count106
\column@=\count107
\maxfields@=\count108
\andhelp@=\toks17
\eqnshift@=\dimen110
\alignsep@=\dimen111
\tagshift@=\dimen112
\tagwidth@=\dimen113
\totwidth@=\dimen114
\lineht@=\dimen115
\@envbody=\toks18
\multlinegap=\skip55
\multlinetaggap=\skip56
\mathdisplay@stack=\toks19
LaTeX Info: Redefining \[ on input line 2665.
LaTeX Info: Redefining \] on input line 2666.
)
(/usr/local/texlive/2013/texmf-dist/tex/latex/amsfonts/amssymb.sty
Package: amssymb 2013/01/14 v3.01 AMS font symbols

(/usr/local/texlive/2013/texmf-dist/tex/latex/amsfonts/amsfonts.sty
Package: amsfonts 2013/01/14 v3.01 Basic AMSFonts support
\symAMSa=\mathgroup4
\symAMSb=\mathgroup5
LaTeX Font Info:    Overwriting math alphabet `\mathfrak' in version `bold'
(Font)                  U/euf/m/n --> U/euf/b/n on input line 106.
))
(/usr/local/texlive/2013/texmf-dist/tex/latex/amscls/amsthm.sty
Package: amsthm 2004/08/06 v2.20
\thm@style=\toks20
\thm@bodyfont=\toks21
\thm@headfont=\toks22
\thm@notefont=\toks23
\thm@headpunct=\toks24
\thm@preskip=\skip57
\thm@postskip=\skip58
\thm@headsep=\skip59
\dth@everypar=\toks25
)
(/usr/local/texlive/2013/texmf-dist/tex/latex/graphics/graphicx.sty
Package: graphicx 1999/02/16 v1.0f Enhanced LaTeX Graphics (DPC,SPQR)

(/usr/local/texlive/2013/texmf-dist/tex/latex/graphics/graphics.sty
Package: graphics 2009/02/05 v1.0o Standard LaTeX Graphics (DPC,SPQR)

(/usr/local/texlive/2013/texmf-dist/tex/latex/graphics/trig.sty
Package: trig 1999/03/16 v1.09 sin cos tan (DPC)
)
(/usr/local/texlive/2013/texmf-dist/tex/latex/latexconfig/graphics.cfg
File: graphics.cfg 2010/04/23 v1.9 graphics configuration of TeX Live
)
Package graphics Info: Driver file: pdftex.def on input line 91.

(/usr/local/texlive/2013/texmf-dist/tex/latex/pdftex-def/pdftex.def
File: pdftex.def 2011/05/27 v0.06d Graphics/color for pdfTeX
\Gread@gobject=\count109
))
\Gin@req@height=\dimen116
\Gin@req@width=\dimen117
)
(/usr/local/texlive/2013/texmf-dist/tex/latex/algorithms/algorithm.sty
Package: algorithm 2009/08/24 v0.1 Document Style `algorithm' - floating enviro
nment

(/usr/local/texlive/2013/texmf-dist/tex/latex/float/float.sty
Package: float 2001/11/08 v1.3d Float enhancements (AL)
\c@float@type=\count110
\float@exts=\toks26
\float@box=\box30
\@float@everytoks=\toks27
\@floatcapt=\box31
)
(/usr/local/texlive/2013/texmf-dist/tex/latex/base/ifthen.sty
Package: ifthen 2001/05/26 v1.1c Standard LaTeX ifthen package (DPC)
)
\@float@every@algorithm=\toks28
\c@algorithm=\count111
)
(/usr/local/texlive/2013/texmf-dist/tex/latex/algorithmicx/algpseudocode.sty
Package: algpseudocode 

(/usr/local/texlive/2013/texmf-dist/tex/latex/algorithmicx/algorithmicx.sty
Package: algorithmicx 2005/04/27 v1.2 Algorithmicx

Document Style algorithmicx 1.2 - a greatly improved `algorithmic' style
\c@ALG@line=\count112
\c@ALG@rem=\count113
\c@ALG@nested=\count114
\ALG@tlm=\skip60
\ALG@thistlm=\skip61
\c@ALG@Lnr=\count115
\c@ALG@blocknr=\count116
\c@ALG@storecount=\count117
\c@ALG@tmpcounter=\count118
\ALG@tmplength=\skip62
)
Document Style - pseudocode environments for use with the `algorithmicx' style
) (/usr/local/texlive/2013/texmf-dist/tex/latex/caption/caption.sty
Package: caption 2013/05/02 v3.3-89 Customizing captions (AR)

(/usr/local/texlive/2013/texmf-dist/tex/latex/caption/caption3.sty
Package: caption3 2013/05/02 v1.6-88 caption3 kernel (AR)
Package caption3 Info: TeX engine: e-TeX on input line 57.
\captionmargin=\dimen118
\captionmargin@=\dimen119
\captionwidth=\dimen120
\caption@tempdima=\dimen121
\caption@indent=\dimen122
\caption@parindent=\dimen123
\caption@hangindent=\dimen124
)
\c@ContinuedFloat=\count119
Package caption Info: float package is loaded.
Package caption Info: hyperref package is loaded.
)
(/usr/local/texlive/2013/texmf-dist/tex/latex/blkarray/blkarray.sty
\c@BAenumi=\count120
\BA@col=\count121
\BA@block@cnt=\count122
\BA@final@box=\box32
\BA@colsep=\dimen125
\BA@ftn=\toks29
\BAextrarowheight=\dimen126
\BAextraheightafterhline=\dimen127
\BAarrayrulewidth=\dimen128
\BAdoublerulesep=\dimen129
\BAfootskip=\dimen130
\BA@dashbox=\box33
\BA@ddashbox=\box34
)
(/usr/local/texlive/2013/texmf-dist/tex/latex/xcolor/xcolor.sty
Package: xcolor 2007/01/21 v2.11 LaTeX color extensions (UK)

(/usr/local/texlive/2013/texmf-dist/tex/latex/latexconfig/color.cfg
File: color.cfg 2007/01/18 v1.5 color configuration of teTeX/TeXLive
)
Package xcolor Info: Driver file: pdftex.def on input line 225.
Package xcolor Info: Model `cmy' substituted by `cmy0' on input line 1337.
Package xcolor Info: Model `hsb' substituted by `rgb' on input line 1341.
Package xcolor Info: Model `RGB' extended on input line 1353.
Package xcolor Info: Model `HTML' substituted by `rgb' on input line 1355.
Package xcolor Info: Model `Hsb' substituted by `hsb' on input line 1356.
Package xcolor Info: Model `tHsb' substituted by `hsb' on input line 1357.
Package xcolor Info: Model `HSB' substituted by `hsb' on input line 1358.
Package xcolor Info: Model `Gray' substituted by `gray' on input line 1359.
Package xcolor Info: Model `wave' substituted by `hsb' on input line 1360.
)
(/usr/local/texlive/2013/texmf-dist/tex/generic/xypic/xy.sty
(/usr/local/texlive/2013/texmf-dist/tex/generic/xypic/xy.tex Bootstrap'ing:
catcodes, docmode,
(/usr/local/texlive/2013/texmf-dist/tex/generic/xypic/xyrecat.tex)
(/usr/local/texlive/2013/texmf-dist/tex/generic/xypic/xyidioms.tex)

 Xy-pic version 3.8.8 <2012/05/24>
 Copyright (c) 1991-2011 by Kristoffer H. Rose <krisrose@tug.org>
 Xy-pic is free software: see the User's Guide for details.

Loading kernel: messages; fonts; allocations: state,
\X@c=\dimen131
\Y@c=\dimen132
\U@c=\dimen133
\D@c=\dimen134
\L@c=\dimen135
\R@c=\dimen136
\Edge@c=\toks30
\X@p=\dimen137
\Y@p=\dimen138
\U@p=\dimen139
\D@p=\dimen140
\L@p=\dimen141
\R@p=\dimen142
\Edge@p=\toks31
\X@origin=\dimen143
\Y@origin=\dimen144
\X@xbase=\dimen145
\Y@xbase=\dimen146
\X@ybase=\dimen147
\Y@ybase=\dimen148
\X@min=\dimen149
\Y@min=\dimen150
\X@max=\dimen151
\Y@max=\dimen152
\lastobjectbox@=\box35
\zerodotbox@=\box36
\almostz@=\dimen153
 direction,
\d@X=\dimen154
\d@Y=\dimen155
\K@=\count123
\KK@=\count124
\Direction=\count125
\K@dXdY=\dimen156
\K@dYdX=\dimen157
\xyread@=\read1
\xywrite@=\write3
\csp@=\count126
\quotPTK@=\dimen158

utility macros; pictures: \xy, positions,
\swaptoks@@=\toks32
\connectobjectbox@@=\box37
 objects,
\styletoks@=\toks33
 decorations;
kernel objects: directionals, circles, text; options; algorithms: directions,
edges, connections;  Xy-pic loaded)
Package: xy 2012/05/24 Xy-pic version 3.8.8

(/usr/local/texlive/2013/texmf-dist/tex/generic/xypic/xycmtip.tex
 Xy-pic option: Computer Modern tip extension v.3.7
(/usr/local/texlive/2013/texmf-dist/tex/generic/xypic/xytips.tex
 Xy-pic option: More Tips extension v.3.9 loaded) loaded)
(/usr/local/texlive/2013/texmf-dist/tex/generic/xypic/xyall.tex
 Xy-pic option: All features v.3.8
(/usr/local/texlive/2013/texmf-dist/tex/generic/xypic/xycurve.tex
 Xy-pic option: Curve and Spline extension v.3.12 curve,
\crv@cnt@=\count127
\crvpts@=\toks34
\splinebox@=\box38
\splineval@=\dimen159
\splinedepth@=\dimen160
\splinetol@=\dimen161
\splinelength@=\dimen162
 circles,
\L@=\dimen163
 loaded)
(/usr/local/texlive/2013/texmf-dist/tex/generic/xypic/xyframe.tex
 Xy-pic option: Frame and Bracket extension v.3.14 loaded)
(/usr/local/texlive/2013/texmf-dist/tex/generic/xypic/xyline.tex
 Xy-pic option: Line styles extension v.3.10
\xylinethick@=\dimen164
 loaded)
(/usr/local/texlive/2013/texmf-dist/tex/generic/xypic/xyrotate.tex
 Xy-pic option: Rotate and Scale extension v.3.8 loaded)
(/usr/local/texlive/2013/texmf-dist/tex/generic/xypic/xycolor.tex
 Xy-pic option: Colour extension v.3.11 loaded)
(/usr/local/texlive/2013/texmf-dist/tex/generic/xypic/xymatrix.tex
 Xy-pic option: Matrix feature v.3.14
\Row=\count128
\Col=\count129
\queue@=\toks35
\queue@@=\toks36
\qcount@=\count130
\qcount@@=\count131
\matrixsize@=\count132
 loaded)
(/usr/local/texlive/2013/texmf-dist/tex/generic/xypic/xyarrow.tex
 Xy-pic option: Arrow and Path feature v.3.9 path, \ar, loaded)
(/usr/local/texlive/2013/texmf-dist/tex/generic/xypic/xygraph.tex
 Xy-pic option: Graph feature v.3.11 loaded) loaded)
(/usr/local/texlive/2013/texmf-dist/tex/generic/xypic/xypdf.tex
 Xy-pic option: PDF driver v.1.7 Xy-pic pdf driver: `color' extension support
(/usr/local/texlive/2013/texmf-dist/tex/generic/xypic/xypdf-co.tex loaded)
Xy-pic pdf driver: `curve' extension support
(/usr/local/texlive/2013/texmf-dist/tex/generic/xypic/xypdf-cu.tex loaded)
Xy-pic pdf driver: `frame' extension support
(/usr/local/texlive/2013/texmf-dist/tex/generic/xypic/xypdf-fr.tex loaded)
Xy-pic pdf driver: `line' extension support
(/usr/local/texlive/2013/texmf-dist/tex/generic/xypic/xypdf-li.tex loaded)
Xy-pic pdf driver: `rotate' extension support
(/usr/local/texlive/2013/texmf-dist/tex/generic/xypic/xypdf-ro.tex loaded)
loaded)) (/usr/local/texlive/2013/texmf-dist/tex/latex/subfigure/subfigure.sty
Package: subfigure 2002/03/15 v2.1.5 subfigure package
\subfigtopskip=\skip63
\subfigcapskip=\skip64
\subfigcaptopadj=\dimen165
\subfigbottomskip=\skip65
\subfigcapmargin=\dimen166
\subfiglabelskip=\skip66
\c@subfigure=\count133
\c@lofdepth=\count134
\c@subtable=\count135
\c@lotdepth=\count136

****************************************
* Local config file subfigure.cfg used *
****************************************
(/usr/local/texlive/2013/texmf-dist/tex/latex/subfigure/subfigure.cfg)
\subfig@top=\skip67
\subfig@bottom=\skip68
)
(/usr/local/texlive/2013/texmf-dist/tex/latex/geometry/geometry.sty
Package: geometry 2010/09/12 v5.6 Page Geometry
\Gm@cnth=\count137
\Gm@cntv=\count138
\c@Gm@tempcnt=\count139
\Gm@bindingoffset=\dimen167
\Gm@wd@mp=\dimen168
\Gm@odd@mp=\dimen169
\Gm@even@mp=\dimen170
\Gm@layoutwidth=\dimen171
\Gm@layoutheight=\dimen172
\Gm@layouthoffset=\dimen173
\Gm@layoutvoffset=\dimen174
\Gm@dimlist=\toks37
)

Package amsthm Warning: Unknown theoremstyle `theorem' on input line 91.

\c@thm=\count140

Package amsthm Warning: Unknown theoremstyle `theorem' on input line 94.

\c@prop=\count141

Package amsthm Warning: Unknown theoremstyle `theorem' on input line 96.

\c@cor=\count142

Package amsthm Warning: Unknown theoremstyle `lemma' on input line 99.

\c@lemma=\count143
\c@defn=\count144

Package amsthm Warning: Unknown theoremstyle `example' on input line 105.

\c@ex=\count145
(/usr/local/texlive/2013/texmf-dist/tex/latex/tools/tabularx.sty
Package: tabularx 1999/01/07 v2.07 `tabularx' package (DPC)

(/usr/local/texlive/2013/texmf-dist/tex/latex/tools/array.sty
Package: array 2008/09/09 v2.4c Tabular extension package (FMi)
\col@sep=\dimen175
\extrarowheight=\dimen176
\NC@list=\toks38
\extratabsurround=\skip69
\backup@length=\skip70
)
\TX@col@width=\dimen177
\TX@old@table=\dimen178
\TX@old@col=\dimen179
\TX@target=\dimen180
\TX@delta=\dimen181
\TX@cols=\count146
\TX@ftn=\toks39
)
(./311_data_GMM.aux)
\openout1 = `311_data_GMM.aux'.

LaTeX Font Info:    Checking defaults for OML/cmm/m/it on input line 117.
LaTeX Font Info:    ... okay on input line 117.
LaTeX Font Info:    Checking defaults for T1/cmr/m/n on input line 117.
LaTeX Font Info:    ... okay on input line 117.
LaTeX Font Info:    Checking defaults for OT1/cmr/m/n on input line 117.
LaTeX Font Info:    ... okay on input line 117.
LaTeX Font Info:    Checking defaults for OMS/cmsy/m/n on input line 117.
LaTeX Font Info:    ... okay on input line 117.
LaTeX Font Info:    Checking defaults for OMX/cmex/m/n on input line 117.
LaTeX Font Info:    ... okay on input line 117.
LaTeX Font Info:    Checking defaults for U/cmr/m/n on input line 117.
LaTeX Font Info:    ... okay on input line 117.
LaTeX Font Info:    Checking defaults for PD1/pdf/m/n on input line 117.
LaTeX Font Info:    ... okay on input line 117.
\AtBeginShipoutBox=\box39
Package hyperref Info: Link coloring OFF on input line 117.

(/usr/local/texlive/2013/texmf-dist/tex/latex/hyperref/nameref.sty
Package: nameref 2012/10/27 v2.43 Cross-referencing by name of section

(/usr/local/texlive/2013/texmf-dist/tex/generic/oberdiek/gettitlestring.sty
Package: gettitlestring 2010/12/03 v1.4 Cleanup title references (HO)
)
\c@section@level=\count147
)
LaTeX Info: Redefining \ref on input line 117.
LaTeX Info: Redefining \pageref on input line 117.
LaTeX Info: Redefining \nameref on input line 117.

(./311_data_GMM.out) (./311_data_GMM.out)
\@outlinefile=\write4
\openout4 = `311_data_GMM.out'.


(/usr/local/texlive/2013/texmf-dist/tex/context/base/supp-pdf.mkii
[Loading MPS to PDF converter (version 2006.09.02).]
\scratchcounter=\count148
\scratchdimen=\dimen182
\scratchbox=\box40
\nofMPsegments=\count149
\nofMParguments=\count150
\everyMPshowfont=\toks40
\MPscratchCnt=\count151
\MPscratchDim=\dimen183
\MPnumerator=\count152
\makeMPintoPDFobject=\count153
\everyMPtoPDFconversion=\toks41
) (/usr/local/texlive/2013/texmf-dist/tex/latex/oberdiek/epstopdf-base.sty
Package: epstopdf-base 2010/02/09 v2.5 Base part for package epstopdf

(/usr/local/texlive/2013/texmf-dist/tex/latex/oberdiek/grfext.sty
Package: grfext 2010/08/19 v1.1 Manage graphics extensions (HO)
)
Package grfext Info: Graphics extension search list:
(grfext)             [.png,.pdf,.jpg,.mps,.jpeg,.jbig2,.jb2,.PNG,.PDF,.JPG,.JPE
G,.JBIG2,.JB2,.eps]
(grfext)             \AppendGraphicsExtensions on input line 452.

(/usr/local/texlive/2013/texmf-dist/tex/latex/latexconfig/epstopdf-sys.cfg
File: epstopdf-sys.cfg 2010/07/13 v1.3 Configuration of (r)epstopdf for TeX Liv
e
))
Package caption Info: Begin \AtBeginDocument code.
Package caption Info: subfigure package is loaded.
Package caption Info: End \AtBeginDocument code.
LaTeX Font Info:    Try loading font information for U+msa on input line 117.

(/usr/local/texlive/2013/texmf-dist/tex/latex/amsfonts/umsa.fd
File: umsa.fd 2013/01/14 v3.01 AMS symbols A
)
LaTeX Font Info:    Try loading font information for U+msb on input line 117.

(/usr/local/texlive/2013/texmf-dist/tex/latex/amsfonts/umsb.fd
File: umsb.fd 2013/01/14 v3.01 AMS symbols B
)
Package xypdf Info: Line width: 0.39998pt on input line 117.

*geometry* driver: auto-detecting
*geometry* detected driver: pdftex
*geometry* verbose mode - [ preamble ] result:
* driver: pdftex
* paper: <default>
* layout: <same size as paper>
* layoutoffset:(h,v)=(0.0pt,0.0pt)
* modes: twoside 
* h-part:(L,W,R)=(57.81621pt, 498.66258pt, 57.81621pt)
* v-part:(T,H,B)=(57.81621pt, 679.33757pt, 57.81621pt)
* \paperwidth=614.295pt
* \paperheight=794.96999pt
* \textwidth=498.66258pt
* \textheight=679.33757pt
* \oddsidemargin=-14.45378pt
* \evensidemargin=-14.45378pt
* \topmargin=-39.45378pt
* \headheight=10.0pt
* \headsep=15.0pt
* \topskip=10.0pt
* \footskip=0.0pt
* \marginparwidth=121.0pt
* \marginparsep=11.0pt
* \columnsep=18.06749pt
* \skip\footins=9.0pt plus 4.0pt minus 2.0pt
* \hoffset=0.0pt
* \voffset=0.0pt
* \mag=1000
* \@twocolumntrue
* \@twosidetrue
* \@mparswitchtrue
* \@reversemarginfalse
* (1in=72.27pt=25.4mm, 1cm=28.453pt)

(/usr/local/texlive/2013/texmf-dist/tex/generic/xypic/xy.tex not reloaded)
(/usr/local/texlive/2013/texmf-dist/tex/generic/xypic/xyall.tex
 Xy-pic option: All features v.3.8 not reloaded)
(/usr/local/texlive/2013/texmf-dist/tex/generic/xypic/xyarc.tex
 Xy-pic option: Circle, Ellipse, Arc feature v.3.8 circles, ellipses,
elliptical arcs, loaded)
Underfull \hbox (badness 10000) in paragraph at lines 156--157
\OT1/cmr/m/n/10 tained from []$\OT1/cmtt/m/n/10 https : / / data . cityofboston
 . gov /
 []


Underfull \hbox (badness 10000) in paragraph at lines 156--157
\OT1/cmtt/m/n/10 City-[]Services / 311-[]Service-[]Requests / awu8-[]dc52$[]\OT
1/cmr/m/n/10 .
 []


Underfull \vbox (badness 2538) has occurred while \output is active []

 [1{/usr/local/texlive/2013/texmf-var/fonts/map/pdftex/updmap/pdftex.map}



]
<graph_model.pdf, id=77, 977.23364pt x 645.8776pt>
File: graph_model.pdf Graphic file (type pdf)
 <use graph_model.pdf>
Package pdftex.def Info: graph_model.pdf used on input line 163.
(pdftex.def)             Requested size: 142.26378pt x 94.01942pt.

<Call_bic.pdf, id=82, 504.5534pt x 393.40114pt>
File: Call_bic.pdf Graphic file (type pdf)
 <use Call_bic.pdf>
Package pdftex.def Info: Call_bic.pdf used on input line 216.
(pdftex.def)             Requested size: 170.71652pt x 133.10631pt.

<App_bic.pdf, id=83, 507.8975pt x 393.55042pt>
File: App_bic.pdf Graphic file (type pdf)
 <use App_bic.pdf>
Package pdftex.def Info: App_bic.pdf used on input line 217.
(pdftex.def)             Requested size: 170.71652pt x 132.28008pt.
 [2 <./graph_model.pdf>] [3 <./Call_bic.pdf> <./App_bic.pdf>]
<3D_call.png, id=211, 656.95438pt x 556.57938pt>
File: 3D_call.png Graphic file (type png)
 <use 3D_call.png>
Package pdftex.def Info: 3D_call.png used on input line 294.
(pdftex.def)             Requested size: 170.71388pt x 142.26132pt.

<3D_app.png, id=213, 599.23875pt x 553.56813pt>
File: 3D_app.png Graphic file (type png)
 <use 3D_app.png>
Package pdftex.def Info: 3D_app.png used on input line 295.
(pdftex.def)             Requested size: 170.71167pt x 142.2603pt.
 [4 <./3D_call.png> <./3D_app.png>]
<simulated_annealing_clustering.pdf, id=231, 466.3221pt x 268.74815pt>
File: simulated_annealing_clustering.pdf Graphic file (type pdf)

<use simulated_annealing_clustering.pdf>
Package pdftex.def Info: simulated_annealing_clustering.pdf used on input line 
306.
(pdftex.def)             Requested size: 199.16928pt x 114.7844pt.


LaTeX Font Warning: Command \small invalid in math mode on input line 341.


LaTeX Font Warning: Command \small invalid in math mode on input line 341.


LaTeX Font Warning: Command \small invalid in math mode on input line 341.


LaTeX Font Warning: Command \small invalid in math mode on input line 341.


LaTeX Font Warning: Command \small invalid in math mode on input line 341.


LaTeX Font Warning: Command \small invalid in math mode on input line 341.


LaTeX Font Warning: Command \small invalid in math mode on input line 341.


Underfull \hbox (badness 10000) in alignment at lines 341--341
[][][] 
 []

<calldatapitrace.png, id=234, 394.47375pt x 397.485pt>
File: calldatapitrace.png Graphic file (type png)

<use calldatapitrace.png>
Package pdftex.def Info: calldatapitrace.png used on input line 356.
(pdftex.def)             Requested size: 170.71652pt x 172.01906pt.

<appdatapitrace.png, id=235, 394.47375pt x 397.485pt>
File: appdatapitrace.png Graphic file (type png)
 <use appdatapitrace.png>
Package pdftex.def Info: appdatapitrace.png used on input line 357.
(pdftex.def)             Requested size: 170.71652pt x 172.01906pt.


LaTeX Warning: `!h' float specifier changed to `!ht'.

<gibbscallclusterassignments.png, id=236, 515.9275pt x 543.02875pt>
File: gibbscallclusterassignments.png Graphic file (type png)

<use gibbscallclusterassignments.png>
Package pdftex.def Info: gibbscallclusterassignments.png used on input line 366
.
(pdftex.def)             Requested size: 128.03687pt x 119.49983pt.

<gibbsappclusterassignments.png, id=237, 428.60126pt x 442.65375pt>
File: gibbsappclusterassignments.png Graphic file (type png)

<use gibbsappclusterassignments.png>
Package pdftex.def Info: gibbsappclusterassignments.png used on input line 367.

(pdftex.def)             Requested size: 128.03854pt x 119.49783pt.


LaTeX Warning: `!h' float specifier changed to `!ht'.

<callposteriorpredictive.png, id=238, 418.56375pt x 439.6425pt>
File: callposteriorpredictive.png Graphic file (type png)

<use callposteriorpredictive.png>
Package pdftex.def Info: callposteriorpredictive.png used on input line 375.
(pdftex.def)             Requested size: 128.03537pt x 119.49664pt.

<appposteriorpredictive.png, id=239, 420.57124pt x 445.665pt>
File: appposteriorpredictive.png Graphic file (type png)

<use appposteriorpredictive.png>
Package pdftex.def Info: appposteriorpredictive.png used on input line 376.
(pdftex.def)             Requested size: 128.03339pt x 119.50151pt.


LaTeX Warning: `!h' float specifier changed to `!ht'.


Underfull \vbox (badness 1789) has occurred while \output is active []



LaTeX Warning: Text page 5 contains only floats.

[5 <./simulated_annealing_clustering.pdf> <./calldatapitrace.png> <./appdatapit
race.png> <./gibbscallclusterassignments.png> <./gibbsappclusterassignments.png
>] <expomodel.png, id=1951, 494.84875pt x 490.83376pt>
File: expomodel.png Graphic file (type png)
 <use expomodel.png>
Package pdftex.def Info: expomodel.png used on input line 387.
(pdftex.def)             Requested size: 128.03093pt x 119.50262pt.

<mixture.png, id=1952, 494.84875pt x 490.83376pt>
File: mixture.png Graphic file (type png)
 <use mixture.png>
Package pdftex.def Info: mixture.png used on input line 388.
(pdftex.def)             Requested size: 128.03093pt x 119.50262pt.

Underfull \vbox (badness 3333) has occurred while \output is active []

 [6 <./callposteriorpredictive.png> <./appposteriorpredictive.png> <./expomodel
.png> <./mixture.png>] <profile_call.png, id=1966, 2849.64626pt x 1255.69125pt>
File: profile_call.png Graphic file (type png)

<use profile_call.png>
Package pdftex.def Info: profile_call.png used on input line 401.
(pdftex.def)             Requested size: 245.3257pt x 108.12047pt.
 <profile_app.png, id=1967, 1169.36874pt x 647.41875pt>
File: profile_app.png Graphic file (type png)

<use profile_app.png>
Package pdftex.def Info: profile_app.png used on input line 403.
(pdftex.def)             Requested size: 195.27496pt x 108.12047pt.

Overfull \hbox (5.02815pt too wide) in paragraph at lines 401--404
 [] 
 []

(./311_data_GMM.bbl
Underfull \hbox (badness 1077) in paragraph at lines 19--23
[]\OT1/cmr/m/n/10 City of Boston Mayor's Of-fice.  Mayor Walsh
 []


Underfull \hbox (badness 4726) in paragraph at lines 19--23
\OT1/cmr/m/n/10 Launches Boston 311.  Press Re-lease, Au-
 []

)
Package atveryend Info: Empty hook `BeforeClearDocument' on input line 414.
 [7 <./profile_call.png> <./profile_app.png>]
Package atveryend Info: Empty hook `AfterLastShipout' on input line 414.
 (./311_data_GMM.aux)
Package atveryend Info: Executing hook `AtVeryEndDocument' on input line 414.
Package atveryend Info: Executing hook `AtEndAfterFileList' on input line 414.
Package rerunfilecheck Info: File `311_data_GMM.out' has not changed.
(rerunfilecheck)             Checksum: F1C1C11261445E36AD70F4E6E9D68841;818.


LaTeX Warning: Label(s) may have changed. Rerun to get cross-references right.

Package atveryend Info: Empty hook `AtVeryVeryEnd' on input line 414.
 ) 
Here is how much of TeX's memory you used:
 12095 strings out of 493315
 169374 string characters out of 6137904
 323626 words of memory out of 5000000
 15272 multiletter control sequences out of 15000+600000
 13137 words of font info for 54 fonts, out of 8000000 for 9000
 957 hyphenation exceptions out of 8191
 36i,19n,45p,3245b,431s stack positions out of 5000i,500n,10000p,200000b,80000s
</usr/local/texlive/2013/texmf-dist/fonts/type1/public/amsfonts/cm/cmbx10.pfb
></usr/local/texlive/2013/texmf-dist/fonts/type1/public/amsfonts/cm/cmbx12.pfb>
</usr/local/texlive/2013/texmf-dist/fonts/type1/public/amsfonts/cm/cmbx9.pfb></
usr/local/texlive/2013/texmf-dist/fonts/type1/public/amsfonts/cm/cmex10.pfb></u
sr/local/texlive/2013/texmf-dist/fonts/type1/public/amsfonts/cm/cmmi10.pfb></us
r/local/texlive/2013/texmf-dist/fonts/type1/public/amsfonts/cm/cmmi5.pfb></usr/
local/texlive/2013/texmf-dist/fonts/type1/public/amsfonts/cm/cmmi7.pfb></usr/lo
cal/texlive/2013/texmf-dist/fonts/type1/public/amsfonts/cm/cmmi9.pfb></usr/loca
l/texlive/2013/texmf-dist/fonts/type1/public/amsfonts/cm/cmr10.pfb></usr/local/
texlive/2013/texmf-dist/fonts/type1/public/amsfonts/cm/cmr6.pfb></usr/local/tex
live/2013/texmf-dist/fonts/type1/public/amsfonts/cm/cmr7.pfb></usr/local/texliv
e/2013/texmf-dist/fonts/type1/public/amsfonts/cm/cmr9.pfb></usr/local/texlive/2
013/texmf-dist/fonts/type1/public/amsfonts/cm/cmsy10.pfb></usr/local/texlive/20
13/texmf-dist/fonts/type1/public/amsfonts/cm/cmsy5.pfb></usr/local/texlive/2013
/texmf-dist/fonts/type1/public/amsfonts/cm/cmsy7.pfb></usr/local/texlive/2013/t
exmf-dist/fonts/type1/public/amsfonts/cm/cmsy9.pfb></usr/local/texlive/2013/tex
mf-dist/fonts/type1/public/amsfonts/cm/cmti10.pfb></usr/local/texlive/2013/texm
f-dist/fonts/type1/public/amsfonts/cm/cmtt10.pfb>
Output written on 311_data_GMM.pdf (7 pages, 2190714 bytes).
PDF statistics:
 2058 PDF objects out of 2073 (max. 8388607)
 1960 compressed objects within 20 object streams
 68 named destinations out of 1000 (max. 500000)
 185 words of extra memory for PDF output out of 10000 (max. 10000000)

